********************************************************************************
DUPLICATOR-LITE PACKAGE-LOG: 4 May 2020 9 h 37 min
NOTICE: Do NOT post to public sites or forums 
********************************************************************************
VERSION:	1.3.30
WORDPRESS:	5.4.1
PHP INFO:	7.3.12 | SAPI: apache2handler
SERVER:		Apache/2.4.41 (Win32) PHP/7.3.12 
PHP TIME LIMIT: (0) no time limit imposed 
PHP MAX MEMORY: 4294967296 (128M default) 
MEMORY STACK: 6MB

********************************************************************************
DATABASE:
********************************************************************************
BUILD MODE:   PHP(query limit - 100)
MYSQLTIMEOUT: 5000
MYSQLDUMP:    Not Supported
TABLES: total:44 | filtered:0 | create:44
FILTERED: []
SQL CREATED: 20200504_greendistrict_edc27aedcade289e1342_20200504093457_database.sql
SQL FILE SIZE: 1.87MB (1960559)
SQL FILE TIME: 2020-05-04 09:37:30
SQL RUNTIME: 1.07 sec.

********************************************************************************
ARCHIVE (ZIP):
********************************************************************************
ARCHIVE DIR:  C:/wamp/www/wordpress
ARCHIVE FILE: 20200504_greendistrict_edc27aedcade289e1342_20200504093457_archive.zip
FILTERS: *OFF*
DIRS:
	not set
FILES:
	not set
EXTS:  not set
----------------------------------------
COMPRESSING
SIZE:	164.6MB
STATS:	Dirs 1,200 | Files 7,597
SQL ADDED: 20200504_greendistrict_edc27aedcade289e1342_20200504093457_database.sql
ZipArchive Object
(
    [status] => 0
    [statusSys] => 0
    [numFiles] => 8797
    [filename] => C:\wamp\www\wordpress\wp-snapshots\tmp\20200504_greendistrict_edc27aedcade289e1342_20200504093457_archive.zip
    [comment] => 
)

FILE ADDED TO ZIP: 8796
COMPRESSION RESULT: '1'
COMPRESSED SIZE: 64.32MB
ARCHIVE RUNTIME: 20.68 sec.
MEMORY STACK: 8MB
building installer
add_extra_files1
add_extra_files2
add_extra_files3
add_extra_files4
Doing archive file check
add_extra_files5
add_extra_files6
add_extra_files8
Successfully opened zip C:/wamp/www/wordpress/wp-snapshots/tmp/20200504_greendistrict_edc27aedcade289e1342_20200504093457_archive.zip
Adding enhanced installer files to archive using ZipArchive
Installer files added to archive
Added to archive
After ziparchive close when adding installer

********************************************************************************
INTEGRITY CHECKS:
********************************************************************************
SQL FILE: 1.87MB
INSTALLER FILE: 61.32KB
ARCHIVE FILE: 65.68MB 
COMPTE ATTENDU DE FICHIERS/RÉPERTOIRES : 8,797
COMPTE ACTUEL DE FICHIERS/RÉPERTOIRES : 8,796
TEST DE COHÉRENCE D’ARCHIVE : Bon

********************************************************************************
RECORD ID:[1]
TOTAL PROCESS RUNTIME: 23.43 sec.
PEAK PHP MEMORY USED: 10MB
DONE PROCESSING => 20200504_greendistrict 4 May 2020 9 h 37 min

